<?xml version="1.0" encoding="UTF-8"?>
<testng-results skipped="0" failed="0" ignored="0" total="1" passed="1">
  <reporter-output>
  </reporter-output>
  <suite name="Default suite" duration-ms="12704" started-at="2018-11-15T06:26:22Z" finished-at="2018-11-15T06:26:35Z">
    <groups>
    </groups>
    <test name="Default test" duration-ms="12704" started-at="2018-11-15T06:26:22Z" finished-at="2018-11-15T06:26:35Z">
      <class name="com.test.NewTest">
        <test-method status="PASS" signature="f()[pri:0, instance:com.test.NewTest@215be6bb]" name="f" duration-ms="12682" started-at="2018-11-15T06:26:22Z" finished-at="2018-11-15T06:26:35Z">
          <reporter-output>
          </reporter-output>
        </test-method> <!-- f -->
      </class> <!-- com.test.NewTest -->
    </test> <!-- Default test -->
  </suite> <!-- Default suite -->
</testng-results>
