<?xml version="1.0" encoding="UTF-8"?>
<testng-results skipped="0" failed="0" ignored="1" total="2" passed="1">
  <reporter-output>
  </reporter-output>
  <suite name="Default suite" duration-ms="7142" started-at="2018-11-16T07:23:04Z" finished-at="2018-11-16T07:23:11Z">
    <groups>
    </groups>
    <test name="Default test" duration-ms="7142" started-at="2018-11-16T07:23:04Z" finished-at="2018-11-16T07:23:11Z">
      <class name="tests.demowebshop_wait">
        <test-method status="PASS" signature="keyboardactions()[pri:0, instance:tests.demowebshop_wait@724af044]" name="keyboardactions" duration-ms="7114" started-at="2018-11-16T07:23:04Z" finished-at="2018-11-16T07:23:11Z">
          <reporter-output>
          </reporter-output>
        </test-method> <!-- keyboardactions -->
      </class> <!-- tests.demowebshop_wait -->
    </test> <!-- Default test -->
  </suite> <!-- Default suite -->
</testng-results>
