<?xml version="1.0" encoding="UTF-8"?>
<!-- Generated by org.testng.reporters.JUnitXMLReporter -->
<testsuite hostname="BDC6-DX-6D6BNK2" ignored="0" name="Test2" tests="1" failures="1" timestamp="13 Nov 2018 10:59:48 GMT" time="6.788" errors="0">
  <testcase name="f" time="0.0" classname="com.test.DataTest">
    <failure type="org.testng.TestNGException" message="
Method public void com.test.DataTest.f(java.lang.String,java.lang.String) requires a @DataProvider named : getdata">
      <![CDATA[org.testng.TestNGException: 
Method public void com.test.DataTest.f(java.lang.String,java.lang.String) requires a @DataProvider named : getdata
... Removed 22 stack frames]]>
    </failure>
  </testcase> <!-- f -->
</testsuite> <!-- Test2 -->
